
=== Sat Jun 15 18:23:27 2024

Packages were changed.
Update Mode: updateDependencies

The following packages were added:
  com.unity.2d.sprite@1.0.0
  com.unity.2d.tilemap@1.0.0
  com.unity.ads@4.4.2
  com.unity.analytics@3.8.1
  com.unity.collab-proxy@2.3.1
  com.unity.purchasing@4.11.0
  com.unity.xr.legacyinputhelpers@2.1.10
  com.unity.ai.navigation@2.0.0
  com.unity.modules.accessibility@1.0.0
The following packages were updated:
  com.unity.cinemachine from version 2.9.5 to 2.10.0
  com.unity.ide.rider from version 3.0.26 to 3.0.28
  com.unity.inputsystem from version 1.7.0 to 1.8.2
  com.unity.recorder from version 4.0.2 to 5.1.0
  com.unity.render-pipelines.universal from version 14.0.9 to 17.0.3
  com.unity.render-pipelines.universal-config from version 14.0.9 to 17.0.3
  com.unity.splines from version 2.5.1 to 2.6.1
  com.unity.test-framework from version 1.1.33 to 1.4.4
  com.unity.timeline from version 1.7.6 to 1.8.6
  com.unity.ugui from version 1.0.0 to 2.0.0
The following packages were removed:
  com.unity.textmeshpro@3.0.6
